<?xml version="1.0" encoding="UTF-8"?>
<testng-results ignored="0" total="9" passed="9" failed="0" skipped="0">
  <reporter-output>
    <line>
      <![CDATA[Executing Test1]]>
    </line>
    <line>
      <![CDATA[Executing Test2]]>
    </line>
    <line>
      <![CDATA[Executing Test3]]>
    </line>
    <line>
      <![CDATA[Executing Test4]]>
    </line>
    <line>
      <![CDATA[Executing Test5]]>
    </line>
    <line>
      <![CDATA[Executing Test6]]>
    </line>
    <line>
      <![CDATA[Executing Test7]]>
    </line>
    <line>
      <![CDATA[Executing Test8]]>
    </line>
    <line>
      <![CDATA[Executing Test9]]>
    </line>
  </reporter-output>
  <suite started-at="2025-05-21T15:40:40 IST" name="Default suite" finished-at="2025-05-21T15:40:40 IST" duration-ms="86">
    <groups>
      <group name="regression">
        <method signature="ModuleLoginTest.test2()[pri:0, instance:com.jenkinspipeline.business.test.ModuleLoginTest@6771beb3]" name="test2" class="com.jenkinspipeline.business.test.ModuleLoginTest"/>
        <method signature="ModuleLoginTest.test3()[pri:0, instance:com.jenkinspipeline.business.test.ModuleLoginTest@6771beb3]" name="test3" class="com.jenkinspipeline.business.test.ModuleLoginTest"/>
        <method signature="ModuleLoginTest.test4()[pri:0, instance:com.jenkinspipeline.business.test.ModuleLoginTest@6771beb3]" name="test4" class="com.jenkinspipeline.business.test.ModuleLoginTest"/>
        <method signature="ModuleLoginTest.test6()[pri:0, instance:com.jenkinspipeline.business.test.ModuleLoginTest@6771beb3]" name="test6" class="com.jenkinspipeline.business.test.ModuleLoginTest"/>
        <method signature="ModuleLoginTest.test7()[pri:0, instance:com.jenkinspipeline.business.test.ModuleLoginTest@6771beb3]" name="test7" class="com.jenkinspipeline.business.test.ModuleLoginTest"/>
        <method signature="ModuleLoginTest.test8()[pri:0, instance:com.jenkinspipeline.business.test.ModuleLoginTest@6771beb3]" name="test8" class="com.jenkinspipeline.business.test.ModuleLoginTest"/>
        <method signature="ModuleLoginTest.test9()[pri:0, instance:com.jenkinspipeline.business.test.ModuleLoginTest@6771beb3]" name="test9" class="com.jenkinspipeline.business.test.ModuleLoginTest"/>
      </group> <!-- regression -->
      <group name="smoke">
        <method signature="ModuleLoginTest.test1()[pri:0, instance:com.jenkinspipeline.business.test.ModuleLoginTest@6771beb3]" name="test1" class="com.jenkinspipeline.business.test.ModuleLoginTest"/>
        <method signature="ModuleLoginTest.test2()[pri:0, instance:com.jenkinspipeline.business.test.ModuleLoginTest@6771beb3]" name="test2" class="com.jenkinspipeline.business.test.ModuleLoginTest"/>
        <method signature="ModuleLoginTest.test4()[pri:0, instance:com.jenkinspipeline.business.test.ModuleLoginTest@6771beb3]" name="test4" class="com.jenkinspipeline.business.test.ModuleLoginTest"/>
        <method signature="ModuleLoginTest.test5()[pri:0, instance:com.jenkinspipeline.business.test.ModuleLoginTest@6771beb3]" name="test5" class="com.jenkinspipeline.business.test.ModuleLoginTest"/>
        <method signature="ModuleLoginTest.test6()[pri:0, instance:com.jenkinspipeline.business.test.ModuleLoginTest@6771beb3]" name="test6" class="com.jenkinspipeline.business.test.ModuleLoginTest"/>
        <method signature="ModuleLoginTest.test9()[pri:0, instance:com.jenkinspipeline.business.test.ModuleLoginTest@6771beb3]" name="test9" class="com.jenkinspipeline.business.test.ModuleLoginTest"/>
      </group> <!-- smoke -->
    </groups>
    <test started-at="2025-05-21T15:40:40 IST" name="Default test" finished-at="2025-05-21T15:40:40 IST" duration-ms="86">
      <class name="com.jenkinspipeline.business.test.ModuleLoginTest">
        <test-method signature="test1()[pri:0, instance:com.jenkinspipeline.business.test.ModuleLoginTest@6771beb3]" started-at="2025-05-21T15:40:40 IST" name="test1" finished-at="2025-05-21T15:40:40 IST" duration-ms="8" status="PASS">
          <reporter-output>
            <line>
              <![CDATA[Executing Test1]]>
            </line>
          </reporter-output>
        </test-method> <!-- test1 -->
        <test-method signature="test2()[pri:0, instance:com.jenkinspipeline.business.test.ModuleLoginTest@6771beb3]" started-at="2025-05-21T15:40:40 IST" name="test2" finished-at="2025-05-21T15:40:40 IST" duration-ms="2" status="PASS">
          <reporter-output>
            <line>
              <![CDATA[Executing Test2]]>
            </line>
          </reporter-output>
        </test-method> <!-- test2 -->
        <test-method signature="test3()[pri:0, instance:com.jenkinspipeline.business.test.ModuleLoginTest@6771beb3]" started-at="2025-05-21T15:40:40 IST" name="test3" finished-at="2025-05-21T15:40:40 IST" duration-ms="1" status="PASS">
          <reporter-output>
            <line>
              <![CDATA[Executing Test3]]>
            </line>
          </reporter-output>
        </test-method> <!-- test3 -->
        <test-method signature="test4()[pri:0, instance:com.jenkinspipeline.business.test.ModuleLoginTest@6771beb3]" started-at="2025-05-21T15:40:40 IST" name="test4" finished-at="2025-05-21T15:40:40 IST" duration-ms="1" status="PASS">
          <reporter-output>
            <line>
              <![CDATA[Executing Test4]]>
            </line>
          </reporter-output>
        </test-method> <!-- test4 -->
        <test-method signature="test5()[pri:0, instance:com.jenkinspipeline.business.test.ModuleLoginTest@6771beb3]" started-at="2025-05-21T15:40:40 IST" name="test5" finished-at="2025-05-21T15:40:40 IST" duration-ms="2" status="PASS">
          <reporter-output>
            <line>
              <![CDATA[Executing Test5]]>
            </line>
          </reporter-output>
        </test-method> <!-- test5 -->
        <test-method signature="test6()[pri:0, instance:com.jenkinspipeline.business.test.ModuleLoginTest@6771beb3]" started-at="2025-05-21T15:40:40 IST" name="test6" finished-at="2025-05-21T15:40:40 IST" duration-ms="1" status="PASS">
          <reporter-output>
            <line>
              <![CDATA[Executing Test6]]>
            </line>
          </reporter-output>
        </test-method> <!-- test6 -->
        <test-method signature="test7()[pri:0, instance:com.jenkinspipeline.business.test.ModuleLoginTest@6771beb3]" started-at="2025-05-21T15:40:40 IST" name="test7" finished-at="2025-05-21T15:40:40 IST" duration-ms="1" status="PASS">
          <reporter-output>
            <line>
              <![CDATA[Executing Test7]]>
            </line>
          </reporter-output>
        </test-method> <!-- test7 -->
        <test-method signature="test8()[pri:0, instance:com.jenkinspipeline.business.test.ModuleLoginTest@6771beb3]" started-at="2025-05-21T15:40:40 IST" name="test8" finished-at="2025-05-21T15:40:40 IST" duration-ms="1" status="PASS">
          <reporter-output>
            <line>
              <![CDATA[Executing Test8]]>
            </line>
          </reporter-output>
        </test-method> <!-- test8 -->
        <test-method signature="test9()[pri:0, instance:com.jenkinspipeline.business.test.ModuleLoginTest@6771beb3]" started-at="2025-05-21T15:40:40 IST" name="test9" finished-at="2025-05-21T15:40:40 IST" duration-ms="1" status="PASS">
          <reporter-output>
            <line>
              <![CDATA[Executing Test9]]>
            </line>
          </reporter-output>
        </test-method> <!-- test9 -->
      </class> <!-- com.jenkinspipeline.business.test.ModuleLoginTest -->
    </test> <!-- Default test -->
  </suite> <!-- Default suite -->
</testng-results>
