<?xml version="1.0" encoding="UTF-8"?>
<!-- Generated by org.testng.reporters.JUnitXMLReporter -->
<testsuite ignored="0" hostname="LAPTOP-89KAFAM3" failures="0" tests="9" name="Default test" time="0.086" errors="0" timestamp="2025-05-21T15:40:40 IST">
  <testcase classname="com.jenkinspipeline.business.test.ModuleLoginTest" name="test1" time="0.008"/>
  <testcase classname="com.jenkinspipeline.business.test.ModuleLoginTest" name="test2" time="0.002"/>
  <testcase classname="com.jenkinspipeline.business.test.ModuleLoginTest" name="test3" time="0.001"/>
  <testcase classname="com.jenkinspipeline.business.test.ModuleLoginTest" name="test4" time="0.001"/>
  <testcase classname="com.jenkinspipeline.business.test.ModuleLoginTest" name="test5" time="0.002"/>
  <testcase classname="com.jenkinspipeline.business.test.ModuleLoginTest" name="test6" time="0.001"/>
  <testcase classname="com.jenkinspipeline.business.test.ModuleLoginTest" name="test7" time="0.001"/>
  <testcase classname="com.jenkinspipeline.business.test.ModuleLoginTest" name="test8" time="0.001"/>
  <testcase classname="com.jenkinspipeline.business.test.ModuleLoginTest" name="test9" time="0.001"/>
</testsuite> <!-- Default test -->
